<?xml version="1.0" encoding="UTF-8"?>
<testng-results ignored="0" total="3" passed="3" failed="0" skipped="0">
  <reporter-output>
  </reporter-output>
  <suite started-at="2018-11-13T23:53:34Z" name="Suite" finished-at="2018-11-13T23:54:23Z" duration-ms="49160">
    <groups>
    </groups>
    <test started-at="2018-11-13T23:53:34Z" name="ChromeTest" finished-at="2018-11-13T23:53:50Z" duration-ms="16184">
      <class name="day22.Assignment1">
        <test-method is-config="true" signature="openBrowser(java.lang.String)[pri:0, instance:day22.Assignment1@561b6512]" started-at="2018-11-13T23:53:34Z" name="openBrowser" finished-at="2018-11-13T23:53:42Z" duration-ms="7785" status="PASS">
          <params>
            <param index="0">
              <value>
                <![CDATA[Chrome]]>
              </value>
            </param>
          </params>
          <reporter-output>
          </reporter-output>
        </test-method> <!-- openBrowser -->
        <test-method signature="signInBtn()[pri:0, instance:day22.Assignment1@561b6512]" started-at="2018-11-13T23:53:42Z" name="signInBtn" finished-at="2018-11-13T23:53:42Z" duration-ms="54" status="PASS">
          <reporter-output>
          </reporter-output>
        </test-method> <!-- signInBtn -->
        <test-method is-config="true" signature="closeBrowser()[pri:0, instance:day22.Assignment1@561b6512]" started-at="2018-11-13T23:53:42Z" name="closeBrowser" finished-at="2018-11-13T23:53:50Z" duration-ms="8322" status="PASS">
          <reporter-output>
          </reporter-output>
        </test-method> <!-- closeBrowser -->
      </class> <!-- day22.Assignment1 -->
    </test> <!-- ChromeTest -->
    <test started-at="2018-11-13T23:53:50Z" name="EdgeTest" finished-at="2018-11-13T23:54:06Z" duration-ms="16283">
      <class name="day22.Assignment1">
        <test-method is-config="true" signature="openBrowser(java.lang.String)[pri:0, instance:day22.Assignment1@313b2ea6]" started-at="2018-11-13T23:53:50Z" name="openBrowser" finished-at="2018-11-13T23:53:59Z" duration-ms="8945" status="PASS">
          <params>
            <param index="0">
              <value>
                <![CDATA[Edge]]>
              </value>
            </param>
          </params>
          <reporter-output>
          </reporter-output>
        </test-method> <!-- openBrowser -->
        <test-method signature="signInBtn()[pri:0, instance:day22.Assignment1@313b2ea6]" started-at="2018-11-13T23:53:59Z" name="signInBtn" finished-at="2018-11-13T23:53:59Z" duration-ms="39" status="PASS">
          <reporter-output>
          </reporter-output>
        </test-method> <!-- signInBtn -->
        <test-method is-config="true" signature="closeBrowser()[pri:0, instance:day22.Assignment1@313b2ea6]" started-at="2018-11-13T23:53:59Z" name="closeBrowser" finished-at="2018-11-13T23:54:06Z" duration-ms="7296" status="PASS">
          <reporter-output>
          </reporter-output>
        </test-method> <!-- closeBrowser -->
      </class> <!-- day22.Assignment1 -->
    </test> <!-- EdgeTest -->
    <test started-at="2018-11-13T23:54:06Z" name="IETest" finished-at="2018-11-13T23:54:23Z" duration-ms="16556">
      <class name="day22.Assignment1">
        <test-method is-config="true" signature="openBrowser(java.lang.String)[pri:0, instance:day22.Assignment1@610f7aa]" started-at="2018-11-13T23:54:06Z" name="openBrowser" finished-at="2018-11-13T23:54:15Z" duration-ms="8401" status="PASS">
          <params>
            <param index="0">
              <value>
                <![CDATA[IE]]>
              </value>
            </param>
          </params>
          <reporter-output>
          </reporter-output>
        </test-method> <!-- openBrowser -->
        <test-method signature="signInBtn()[pri:0, instance:day22.Assignment1@610f7aa]" started-at="2018-11-13T23:54:15Z" name="signInBtn" finished-at="2018-11-13T23:54:15Z" duration-ms="60" status="PASS">
          <reporter-output>
          </reporter-output>
        </test-method> <!-- signInBtn -->
        <test-method is-config="true" signature="closeBrowser()[pri:0, instance:day22.Assignment1@610f7aa]" started-at="2018-11-13T23:54:15Z" name="closeBrowser" finished-at="2018-11-13T23:54:23Z" duration-ms="8094" status="PASS">
          <reporter-output>
          </reporter-output>
        </test-method> <!-- closeBrowser -->
      </class> <!-- day22.Assignment1 -->
    </test> <!-- IETest -->
  </suite> <!-- Suite -->
</testng-results>
